<?xml version="1.0" encoding="UTF-8"?>
<!-- Generated by org.testng.reporters.JUnitReportReporter -->
<testsuite hostname="DESKTOP-3SNRJKF" failures="0" tests="1" name="Base" time="0.018" errors="0" timestamp="2022-05-12T11:01:23 IST" skipped="0">
  <testcase classname="Base" name="tr1" time="0.018"/>
  <system-out/>
</testsuite> <!-- Base -->
